<?xml version="1.0" encoding="UTF-8"?>
<testsuite xmlns:xsi="http://www.w3.org/2001/XMLSchema-instance" xsi:noNamespaceSchemaLocation="https://maven.apache.org/surefire/maven-surefire-plugin/xsd/surefire-test-report-3.0.xsd" version="3.0" name="com.estudosaws.EstudosawsApplicationTests" time="1.359" tests="1" errors="0" skipped="0" failures="0">
  <properties>
[...]
</properties>
  <testcase name="contextLoads" classname="com.estudosaws.EstudosawsApplicationTests" time="0.469">
    <system-out><![CDATA[22:43:22.248 [main] INFO org.springframework.test.context.support.AnnotationConfigContextLoaderUtils -- Could not detect default configuration classes for test class [com.estudosaws.EstudosawsApplicationTests]: EstudosawsApplicationTests does not declare any static, non-private, non-final, nested classes annotated with @Configuration.
22:43:22.291 [main] INFO org.springframework.boot.test.context.SpringBootTestContextBootstrapper -- Found @SpringBootConfiguration com.estudosaws.EstudosawsApplication for test class com.estudosaws.EstudosawsApplicationTests

  .   ____          _            __ _ _
 /\\ / ___'_ __ _ _(_)_ __  __ _ \ \ \ \
( ( )\___ | '_ | '_| | '_ \/ _` | \ \ \ \
 \\/  ___)| |_)| | | | | || (_| |  ) ) ) )
  '  |____| .__|_| |_|_| |_\__, | / / / /
 =========|_|==============|___/=/_/_/_/
 :: Spring Boot ::                (v3.1.3)

2023-08-24T22:43:22.469-03:00  INFO 61801 --- [           main] c.estudosaws.EstudosawsApplicationTests  : Starting EstudosawsApplicationTests using Java 20.0.1 with PID 61801 (started by heitorluiz in /Users/heitorluiz/Workspace/EstudoAWS/estudosaws)
2023-08-24T22:43:22.470-03:00  INFO 61801 --- [           main] c.estudosaws.EstudosawsApplicationTests  : No active profile set, falling back to 1 default profile: "default"
2023-08-24T22:43:22.958-03:00  INFO 61801 --- [           main] c.estudosaws.EstudosawsApplicationTests  : Started EstudosawsApplicationTests in 0.603 seconds (process running for 1.208)
]]></system-out>
  </testcase>
</testsuite>